# JRE version: OpenJDK Runtime Environment Temurin-21.0.7+6 (21.0.7+6) (build 21.0.7+6-LTS)
# Java VM: OpenJDK 64-Bit Server VM Temurin-21.0.7+6 (21.0.7+6-LTS, mixed mode, sharing, tiered, compressed oops, compressed class ptrs, parallel gc, windows-amd64)
GC Precious Log:
 CardTable entry size: 512
 CPUs: 4 total, 4 available
 Memory: 7834M
 Large Page Support: Disabled
 NUMA Support: Disabled
 Compressed Oops: Enabled (32-bit)
 Alignments: Space 512K, Generation 512K, Heap 2M
 Heap Min Capacity: 100M
 Heap Initial Capacity: 100M
 Heap Max Capacity: 2G
 Pre-touch: Disabled
 Parallel Workers: 4
Heap:
 PSYoungGen      total 2048K, used 736K [0x00000000d5580000, 0x00000000d5880000, 0x0000000100000000)
  eden space 1536K, 26% used [0x00000000d5580000,0x00000000d55e6838,0x00000000d5700000)
  from space 512K, 63% used [0x00000000d5700000,0x00000000d5751aa0,0x00000000d5780000)
  to   space 512K, 0% used [0x00000000d5800000,0x00000000d5800000,0x00000000d5880000)
 ParOldGen       total 203776K, used 203356K [0x0000000080000000, 0x000000008c700000, 0x00000000d5580000)
  object space 203776K, 99% used [0x0000000080000000,0x000000008c697088,0x000000008c700000)
 Metaspace       used 68097K, committed 69568K, reserved 1114112K
  class space    used 6864K, committed 7488K, reserved 1048576K
GC Heap History (20 events):
Event: 22.125 GC heap before
{Heap before GC invocations=536 (full 3):
 PSYoungGen      total 2048K, used 1833K [0x00000000d5580000, 0x00000000d5880000, 0x0000000100000000)
  eden space 1536K, 98% used [0x00000000d5580000,0x00000000d56f8750,0x00000000d5700000)
  from space 512K, 64% used [0x00000000d5800000,0x00000000d5851f98,0x00000000d5880000)
  to   space 512K, 0% used [0x00000000d5700000,0x00000000d5700000,0x00000000d5780000)
 ParOldGen       total 200192K, used 199832K [0x0000000080000000, 0x000000008c380000, 0x00000000d5580000)
  object space 200192K, 99% used [0x0000000080000000,0x000000008c326178,0x000000008c380000)
 Metaspace       used 67969K, committed 69440K, reserved 1114112K
  class space    used 6850K, committed 7488K, reserved 1048576K
}
Event: 22.128 GC heap after
{Heap after GC invocations=536 (full 3):
 PSYoungGen      total 2048K, used 320K [0x00000000d5580000, 0x00000000d5880000, 0x0000000100000000)
  eden space 1536K, 0% used [0x00000000d5580000,0x00000000d5580000,0x00000000d5700000)
  from space 512K, 62% used [0x00000000d5700000,0x00000000d5750020,0x00000000d5780000)
  to   space 512K, 0% used [0x00000000d5800000,0x00000000d5800000,0x00000000d5880000)
 ParOldGen       total 200192K, used 199967K [0x0000000080000000, 0x000000008c380000, 0x00000000d5580000)
  object space 200192K, 99% used [0x0000000080000000,0x000000008c347de0,0x000000008c380000)
 Metaspace       used 67969K, committed 69440K, reserved 1114112K
  class space    used 6850K, committed 7488K, reserved 1048576K
}
Event: 22.146 GC heap before
{Heap before GC invocations=537 (full 3):
 PSYoungGen      total 2048K, used 1856K [0x00000000d5580000, 0x00000000d5880000, 0x0000000100000000)
  eden space 1536K, 100% used [0x00000000d5580000,0x00000000d5700000,0x00000000d5700000)
  from space 512K, 62% used [0x00000000d5700000,0x00000000d5750020,0x00000000d5780000)
  to   space 512K, 0% used [0x00000000d5800000,0x00000000d5800000,0x00000000d5880000)
 ParOldGen       total 200192K, used 199967K [0x0000000080000000, 0x000000008c380000, 0x00000000d5580000)
  object space 200192K, 99% used [0x0000000080000000,0x000000008c347de0,0x000000008c380000)
 Metaspace       used 67985K, committed 69440K, reserved 1114112K
  class space    used 6852K, committed 7488K, reserved 1048576K
}
Event: 22.149 GC heap after
{Heap after GC invocations=537 (full 3):
 PSYoungGen      total 2048K, used 474K [0x00000000d5580000, 0x00000000d5880000, 0x0000000100000000)
  eden space 1536K, 0% used [0x00000000d5580000,0x00000000d5580000,0x00000000d5700000)
  from space 512K, 92% used [0x00000000d5800000,0x00000000d5876a68,0x00000000d5880000)
  to   space 512K, 0% used [0x00000000d5700000,0x00000000d5700000,0x00000000d5780000)
 ParOldGen       total 200704K, used 200223K [0x0000000080000000, 0x000000008c400000, 0x00000000d5580000)
  object space 200704K, 99% used [0x0000000080000000,0x000000008c387c30,0x000000008c400000)
 Metaspace       used 67985K, committed 69440K, reserved 1114112K
  class space    used 6852K, committed 7488K, reserved 1048576K
}
Event: 22.158 GC heap before
{Heap before GC invocations=538 (full 3):
 PSYoungGen      total 2048K, used 2010K [0x00000000d5580000, 0x00000000d5880000, 0x0000000100000000)
  eden space 1536K, 100% used [0x00000000d5580000,0x00000000d5700000,0x00000000d5700000)
  from space 512K, 92% used [0x00000000d5800000,0x00000000d5876a68,0x00000000d5880000)
  to   space 512K, 0% used [0x00000000d5700000,0x00000000d5700000,0x00000000d5780000)
 ParOldGen       total 200704K, used 200223K [0x0000000080000000, 0x000000008c400000, 0x00000000d5580000)
  object space 200704K, 99% used [0x0000000080000000,0x000000008c387c30,0x000000008c400000)
 Metaspace       used 67990K, committed 69440K, reserved 1114112K
  class space    used 6852K, committed 7488K, reserved 1048576K
}
Event: 22.160 GC heap after
{Heap after GC invocations=538 (full 3):
 PSYoungGen      total 2048K, used 352K [0x00000000d5580000, 0x00000000d5880000, 0x0000000100000000)
  eden space 1536K, 0% used [0x00000000d5580000,0x00000000d5580000,0x00000000d5700000)
  from space 512K, 68% used [0x00000000d5700000,0x00000000d5758000,0x00000000d5780000)
  to   space 512K, 0% used [0x00000000d5800000,0x00000000d5800000,0x00000000d5880000)
 ParOldGen       total 200704K, used 200659K [0x0000000080000000, 0x000000008c400000, 0x00000000d5580000)
  object space 200704K, 99% used [0x0000000080000000,0x000000008c3f4f08,0x000000008c400000)
 Metaspace       used 67990K, committed 69440K, reserved 1114112K
  class space    used 6852K, committed 7488K, reserved 1048576K
}
Event: 22.169 GC heap before
{Heap before GC invocations=539 (full 3):
 PSYoungGen      total 2048K, used 1888K [0x00000000d5580000, 0x00000000d5880000, 0x0000000100000000)
  eden space 1536K, 100% used [0x00000000d5580000,0x00000000d5700000,0x00000000d5700000)
  from space 512K, 68% used [0x00000000d5700000,0x00000000d5758000,0x00000000d5780000)
  to   space 512K, 0% used [0x00000000d5800000,0x00000000d5800000,0x00000000d5880000)
 ParOldGen       total 200704K, used 200659K [0x0000000080000000, 0x000000008c400000, 0x00000000d5580000)
  object space 200704K, 99% used [0x0000000080000000,0x000000008c3f4f08,0x000000008c400000)
 Metaspace       used 67990K, committed 69440K, reserved 1114112K
  class space    used 6852K, committed 7488K, reserved 1048576K
}
Event: 22.172 GC heap after
{Heap after GC invocations=539 (full 3):
 PSYoungGen      total 2048K, used 372K [0x00000000d5580000, 0x00000000d5880000, 0x0000000100000000)
  eden space 1536K, 0% used [0x00000000d5580000,0x00000000d5580000,0x00000000d5700000)
  from space 512K, 72% used [0x00000000d5800000,0x00000000d585d3c0,0x00000000d5880000)
  to   space 512K, 0% used [0x00000000d5700000,0x00000000d5700000,0x00000000d5780000)
 ParOldGen       total 201216K, used 200908K [0x0000000080000000, 0x000000008c480000, 0x00000000d5580000)
  object space 201216K, 99% used [0x0000000080000000,0x000000008c4332e8,0x000000008c480000)
 Metaspace       used 67990K, committed 69440K, reserved 1114112K
  class space    used 6852K, committed 7488K, reserved 1048576K
}
Event: 22.185 GC heap before
{Heap before GC invocations=540 (full 3):
 PSYoungGen      total 2048K, used 1908K [0x00000000d5580000, 0x00000000d5880000, 0x0000000100000000)
  eden space 1536K, 100% used [0x00000000d5580000,0x00000000d5700000,0x00000000d5700000)
  from space 512K, 72% used [0x00000000d5800000,0x00000000d585d3c0,0x00000000d5880000)
  to   space 512K, 0% used [0x00000000d5700000,0x00000000d5700000,0x00000000d5780000)
 ParOldGen       total 201216K, used 200908K [0x0000000080000000, 0x000000008c480000, 0x00000000d5580000)
  object space 201216K, 99% used [0x0000000080000000,0x000000008c4332e8,0x000000008c480000)
 Metaspace       used 67997K, committed 69504K, reserved 1114112K
  class space    used 6853K, committed 7488K, reserved 1048576K
}
Event: 22.187 GC heap after
{Heap after GC invocations=540 (full 3):
 PSYoungGen      total 2048K, used 464K [0x00000000d5580000, 0x00000000d5880000, 0x0000000100000000)
  eden space 1536K, 0% used [0x00000000d5580000,0x00000000d5580000,0x00000000d5700000)
  from space 512K, 90% used [0x00000000d5700000,0x00000000d5774010,0x00000000d5780000)
  to   space 512K, 0% used [0x00000000d5800000,0x00000000d5800000,0x00000000d5880000)
 ParOldGen       total 201216K, used 201197K [0x0000000080000000, 0x000000008c480000, 0x00000000d5580000)
  object space 201216K, 99% used [0x0000000080000000,0x000000008c47b538,0x000000008c480000)
 Metaspace       used 67997K, committed 69504K, reserved 1114112K
  class space    used 6853K, committed 7488K, reserved 1048576K
}
Event: 22.199 GC heap before
{Heap before GC invocations=541 (full 3):
 PSYoungGen      total 2048K, used 2000K [0x00000000d5580000, 0x00000000d5880000, 0x0000000100000000)
  eden space 1536K, 100% used [0x00000000d5580000,0x00000000d5700000,0x00000000d5700000)
  from space 512K, 90% used [0x00000000d5700000,0x00000000d5774010,0x00000000d5780000)
  to   space 512K, 0% used [0x00000000d5800000,0x00000000d5800000,0x00000000d5880000)
 ParOldGen       total 201216K, used 201197K [0x0000000080000000, 0x000000008c480000, 0x00000000d5580000)
  object space 201216K, 99% used [0x0000000080000000,0x000000008c47b538,0x000000008c480000)
 Metaspace       used 68009K, committed 69504K, reserved 1114112K
  class space    used 6856K, committed 7488K, reserved 1048576K
}
Event: 22.201 GC heap after
{Heap after GC invocations=541 (full 3):
 PSYoungGen      total 2048K, used 259K [0x00000000d5580000, 0x00000000d5880000, 0x0000000100000000)
  eden space 1536K, 0% used [0x00000000d5580000,0x00000000d5580000,0x00000000d5700000)
  from space 512K, 50% used [0x00000000d5800000,0x00000000d5840da8,0x00000000d5880000)
  to   space 512K, 0% used [0x00000000d5700000,0x00000000d5700000,0x00000000d5780000)
 ParOldGen       total 201728K, used 201541K [0x0000000080000000, 0x000000008c500000, 0x00000000d5580000)
  object space 201728K, 99% used [0x0000000080000000,0x000000008c4d17b8,0x000000008c500000)
 Metaspace       used 68009K, committed 69504K, reserved 1114112K
  class space    used 6856K, committed 7488K, reserved 1048576K
}
Event: 22.209 GC heap before
{Heap before GC invocations=542 (full 3):
 PSYoungGen      total 2048K, used 1795K [0x00000000d5580000, 0x00000000d5880000, 0x0000000100000000)
  eden space 1536K, 99% used [0x00000000d5580000,0x00000000d56ffff0,0x00000000d5700000)
  from space 512K, 50% used [0x00000000d5800000,0x00000000d5840da8,0x00000000d5880000)
  to   space 512K, 0% used [0x00000000d5700000,0x00000000d5700000,0x00000000d5780000)
 ParOldGen       total 201728K, used 201541K [0x0000000080000000, 0x000000008c500000, 0x00000000d5580000)
  object space 201728K, 99% used [0x0000000080000000,0x000000008c4d17b8,0x000000008c500000)
 Metaspace       used 68016K, committed 69504K, reserved 1114112K
  class space    used 6858K, committed 7488K, reserved 1048576K
}
Event: 22.211 GC heap after
{Heap after GC invocations=542 (full 3):
 PSYoungGen      total 2048K, used 352K [0x00000000d5580000, 0x00000000d5880000, 0x0000000100000000)
  eden space 1536K, 0% used [0x00000000d5580000,0x00000000d5580000,0x00000000d5700000)
  from space 512K, 68% used [0x00000000d5700000,0x00000000d5758000,0x00000000d5780000)
  to   space 512K, 0% used [0x00000000d5800000,0x00000000d5800000,0x00000000d5880000)
 ParOldGen       total 201728K, used 201708K [0x0000000080000000, 0x000000008c500000, 0x00000000d5580000)
  object space 201728K, 99% used [0x0000000080000000,0x000000008c4fb030,0x000000008c500000)
 Metaspace       used 68016K, committed 69504K, reserved 1114112K
  class space    used 6858K, committed 7488K, reserved 1048576K
}
Event: 22.226 GC heap before
{Heap before GC invocations=543 (full 3):
 PSYoungGen      total 2048K, used 1888K [0x00000000d5580000, 0x00000000d5880000, 0x0000000100000000)
  eden space 1536K, 100% used [0x00000000d5580000,0x00000000d5700000,0x00000000d5700000)
  from space 512K, 68% used [0x00000000d5700000,0x00000000d5758000,0x00000000d5780000)
  to   space 512K, 0% used [0x00000000d5800000,0x00000000d5800000,0x00000000d5880000)
 ParOldGen       total 201728K, used 201708K [0x0000000080000000, 0x000000008c500000, 0x00000000d5580000)
  object space 201728K, 99% used [0x0000000080000000,0x000000008c4fb030,0x000000008c500000)
 Metaspace       used 68039K, committed 69504K, reserved 1114112K
  class space    used 6860K, committed 7488K, reserved 1048576K
}
Event: 22.228 GC heap after
{Heap after GC invocations=543 (full 3):
 PSYoungGen      total 2048K, used 320K [0x00000000d5580000, 0x00000000d5880000, 0x0000000100000000)
  eden space 1536K, 0% used [0x00000000d5580000,0x00000000d5580000,0x00000000d5700000)
  from space 512K, 62% used [0x00000000d5800000,0x00000000d5850000,0x00000000d5880000)
  to   space 512K, 0% used [0x00000000d5700000,0x00000000d5700000,0x00000000d5780000)
 ParOldGen       total 202240K, used 202025K [0x0000000080000000, 0x000000008c580000, 0x00000000d5580000)
  object space 202240K, 99% used [0x0000000080000000,0x000000008c54a530,0x000000008c580000)
 Metaspace       used 68039K, committed 69504K, reserved 1114112K
  class space    used 6860K, committed 7488K, reserved 1048576K
}
Event: 22.239 GC heap before
{Heap before GC invocations=544 (full 3):
 PSYoungGen      total 2048K, used 1855K [0x00000000d5580000, 0x00000000d5880000, 0x0000000100000000)
  eden space 1536K, 99% used [0x00000000d5580000,0x00000000d56ffcb0,0x00000000d5700000)
  from space 512K, 62% used [0x00000000d5800000,0x00000000d5850000,0x00000000d5880000)
  to   space 512K, 0% used [0x00000000d5700000,0x00000000d5700000,0x00000000d5780000)
 ParOldGen       total 202240K, used 202025K [0x0000000080000000, 0x000000008c580000, 0x00000000d5580000)
  object space 202240K, 99% used [0x0000000080000000,0x000000008c54a530,0x000000008c580000)
 Metaspace       used 68040K, committed 69504K, reserved 1114112K
  class space    used 6860K, committed 7488K, reserved 1048576K
}
Event: 22.241 GC heap after
{Heap after GC invocations=544 (full 3):
 PSYoungGen      total 2048K, used 256K [0x00000000d5580000, 0x00000000d5880000, 0x0000000100000000)
  eden space 1536K, 0% used [0x00000000d5580000,0x00000000d5580000,0x00000000d5700000)
  from space 512K, 50% used [0x00000000d5700000,0x00000000d5740000,0x00000000d5780000)
  to   space 512K, 0% used [0x00000000d5800000,0x00000000d5800000,0x00000000d5880000)
 ParOldGen       total 202752K, used 202295K [0x0000000080000000, 0x000000008c600000, 0x00000000d5580000)
  object space 202752K, 99% used [0x0000000080000000,0x000000008c58dc00,0x000000008c600000)
 Metaspace       used 68040K, committed 69504K, reserved 1114112K
  class space    used 6860K, committed 7488K, reserved 1048576K
}
Event: 22.253 GC heap before
{Heap before GC invocations=545 (full 3):
 PSYoungGen      total 2048K, used 1792K [0x00000000d5580000, 0x00000000d5880000, 0x0000000100000000)
  eden space 1536K, 100% used [0x00000000d5580000,0x00000000d5700000,0x00000000d5700000)
  from space 512K, 50% used [0x00000000d5700000,0x00000000d5740000,0x00000000d5780000)
  to   space 512K, 0% used [0x00000000d5800000,0x00000000d5800000,0x00000000d5880000)
 ParOldGen       total 203776K, used 203065K [0x0000000080000000, 0x000000008c700000, 0x00000000d5580000)
  object space 203776K, 99% used [0x0000000080000000,0x000000008c64e628,0x000000008c700000)
 Metaspace       used 68055K, committed 69504K, reserved 1114112K
  class space    used 6863K, committed 7488K, reserved 1048576K
}
Event: 22.255 GC heap after
{Heap after GC invocations=545 (full 3):
 PSYoungGen      total 2048K, used 256K [0x00000000d5580000, 0x00000000d5880000, 0x0000000100000000)
  eden space 1536K, 0% used [0x00000000d5580000,0x00000000d5580000,0x00000000d5700000)
  from space 512K, 50% used [0x00000000d5800000,0x00000000d5840000,0x00000000d5880000)
  to   space 512K, 0% used [0x00000000d5700000,0x00000000d5700000,0x00000000d5780000)
 ParOldGen       total 203776K, used 203183K [0x0000000080000000, 0x000000008c700000, 0x00000000d5580000)
  object space 203776K, 99% used [0x0000000080000000,0x000000008c66bc08,0x000000008c700000)
 Metaspace       used 68055K, committed 69504K, reserved 1114112K
  class space    used 6863K, committed 7488K, reserved 1048576K
}

