# JRE version: OpenJDK Runtime Environment Temurin-21.0.7+6 (21.0.7+6) (build 21.0.7+6-LTS)
# Java VM: OpenJDK 64-Bit Server VM Temurin-21.0.7+6 (21.0.7+6-LTS, mixed mode, sharing, tiered, compressed oops, compressed class ptrs, parallel gc, windows-amd64)
GC Precious Log:
 CardTable entry size: 512
 CPUs: 4 total, 4 available
 Memory: 7834M
 Large Page Support: Disabled
 NUMA Support: Disabled
 Compressed Oops: Enabled (32-bit)
 Alignments: Space 512K, Generation 512K, Heap 2M
 Heap Min Capacity: 100M
 Heap Initial Capacity: 100M
 Heap Max Capacity: 2G
 Pre-touch: Disabled
 Parallel Workers: 4
Heap:
 PSYoungGen      total 2560K, used 2180K [0x00000000d5580000, 0x00000000d5a00000, 0x0000000100000000)
  eden space 2048K, 92% used [0x00000000d5580000,0x00000000d575a9f0,0x00000000d5780000)
  from space 512K, 55% used [0x00000000d5800000,0x00000000d5846900,0x00000000d5880000)
  to   space 1024K, 0% used [0x00000000d5900000,0x00000000d5900000,0x00000000d5a00000)
 ParOldGen       total 266752K, used 266724K [0x0000000080000000, 0x0000000090480000, 0x00000000d5580000)
  object space 266752K, 99% used [0x0000000080000000,0x0000000090479260,0x0000000090480000)
 Metaspace       used 76267K, committed 77888K, reserved 1179648K
  class space    used 7739K, committed 8448K, reserved 1048576K
GC Heap History (20 events):
Event: 77.894 GC heap before
{Heap before GC invocations=1160 (full 6):
 PSYoungGen      total 2560K, used 2175K [0x00000000d5580000, 0x00000000d5a00000, 0x0000000100000000)
  eden space 2048K, 99% used [0x00000000d5580000,0x00000000d577fdf8,0x00000000d5780000)
  from space 512K, 25% used [0x00000000d5900000,0x00000000d5920000,0x00000000d5980000)
  to   space 512K, 0% used [0x00000000d5980000,0x00000000d5980000,0x00000000d5a00000)
 ParOldGen       total 260096K, used 260030K [0x0000000080000000, 0x000000008fe00000, 0x00000000d5580000)
  object space 260096K, 99% used [0x0000000080000000,0x000000008fdef8f8,0x000000008fe00000)
 Metaspace       used 75292K, committed 76864K, reserved 1179648K
  class space    used 7610K, committed 8320K, reserved 1048576K
}
Event: 77.895 GC heap after
{Heap after GC invocations=1160 (full 6):
 PSYoungGen      total 2560K, used 128K [0x00000000d5580000, 0x00000000d5a00000, 0x0000000100000000)
  eden space 2048K, 0% used [0x00000000d5580000,0x00000000d5580000,0x00000000d5780000)
  from space 512K, 25% used [0x00000000d5980000,0x00000000d59a0000,0x00000000d5a00000)
  to   space 512K, 0% used [0x00000000d5900000,0x00000000d5900000,0x00000000d5980000)
 ParOldGen       total 260096K, used 260078K [0x0000000080000000, 0x000000008fe00000, 0x00000000d5580000)
  object space 260096K, 99% used [0x0000000080000000,0x000000008fdfb8f8,0x000000008fe00000)
 Metaspace       used 75292K, committed 76864K, reserved 1179648K
  class space    used 7610K, committed 8320K, reserved 1048576K
}
Event: 77.917 GC heap before
{Heap before GC invocations=1161 (full 6):
 PSYoungGen      total 2560K, used 2176K [0x00000000d5580000, 0x00000000d5a00000, 0x0000000100000000)
  eden space 2048K, 100% used [0x00000000d5580000,0x00000000d5780000,0x00000000d5780000)
  from space 512K, 25% used [0x00000000d5980000,0x00000000d59a0000,0x00000000d5a00000)
  to   space 512K, 0% used [0x00000000d5900000,0x00000000d5900000,0x00000000d5980000)
 ParOldGen       total 260096K, used 260078K [0x0000000080000000, 0x000000008fe00000, 0x00000000d5580000)
  object space 260096K, 99% used [0x0000000080000000,0x000000008fdfb8f8,0x000000008fe00000)
 Metaspace       used 75568K, committed 77120K, reserved 1179648K
  class space    used 7634K, committed 8320K, reserved 1048576K
}
Event: 77.918 GC heap after
{Heap after GC invocations=1161 (full 6):
 PSYoungGen      total 2560K, used 128K [0x00000000d5580000, 0x00000000d5a00000, 0x0000000100000000)
  eden space 2048K, 0% used [0x00000000d5580000,0x00000000d5580000,0x00000000d5780000)
  from space 512K, 25% used [0x00000000d5900000,0x00000000d5920000,0x00000000d5980000)
  to   space 512K, 0% used [0x00000000d5980000,0x00000000d5980000,0x00000000d5a00000)
 ParOldGen       total 260608K, used 260118K [0x0000000080000000, 0x000000008fe80000, 0x00000000d5580000)
  object space 260608K, 99% used [0x0000000080000000,0x000000008fe058f8,0x000000008fe80000)
 Metaspace       used 75568K, committed 77120K, reserved 1179648K
  class space    used 7634K, committed 8320K, reserved 1048576K
}
Event: 78.950 GC heap before
{Heap before GC invocations=1162 (full 6):
 PSYoungGen      total 2560K, used 2176K [0x00000000d5580000, 0x00000000d5a00000, 0x0000000100000000)
  eden space 2048K, 100% used [0x00000000d5580000,0x00000000d5780000,0x00000000d5780000)
  from space 512K, 25% used [0x00000000d5900000,0x00000000d5920000,0x00000000d5980000)
  to   space 512K, 0% used [0x00000000d5980000,0x00000000d5980000,0x00000000d5a00000)
 ParOldGen       total 260608K, used 260118K [0x0000000080000000, 0x000000008fe80000, 0x00000000d5580000)
  object space 260608K, 99% used [0x0000000080000000,0x000000008fe058f8,0x000000008fe80000)
 Metaspace       used 75869K, committed 77504K, reserved 1179648K
  class space    used 7671K, committed 8384K, reserved 1048576K
}
Event: 78.952 GC heap after
{Heap after GC invocations=1162 (full 6):
 PSYoungGen      total 2560K, used 224K [0x00000000d5580000, 0x00000000d5a00000, 0x0000000100000000)
  eden space 2048K, 0% used [0x00000000d5580000,0x00000000d5580000,0x00000000d5780000)
  from space 512K, 43% used [0x00000000d5980000,0x00000000d59b8000,0x00000000d5a00000)
  to   space 512K, 0% used [0x00000000d5900000,0x00000000d5900000,0x00000000d5980000)
 ParOldGen       total 260608K, used 260182K [0x0000000080000000, 0x000000008fe80000, 0x00000000d5580000)
  object space 260608K, 99% used [0x0000000080000000,0x000000008fe15908,0x000000008fe80000)
 Metaspace       used 75869K, committed 77504K, reserved 1179648K
  class space    used 7671K, committed 8384K, reserved 1048576K
}
Event: 84.334 GC heap before
{Heap before GC invocations=1163 (full 6):
 PSYoungGen      total 2560K, used 2272K [0x00000000d5580000, 0x00000000d5a00000, 0x0000000100000000)
  eden space 2048K, 100% used [0x00000000d5580000,0x00000000d5780000,0x00000000d5780000)
  from space 512K, 43% used [0x00000000d5980000,0x00000000d59b8000,0x00000000d5a00000)
  to   space 512K, 0% used [0x00000000d5900000,0x00000000d5900000,0x00000000d5980000)
 ParOldGen       total 260608K, used 260182K [0x0000000080000000, 0x000000008fe80000, 0x00000000d5580000)
  object space 260608K, 99% used [0x0000000080000000,0x000000008fe15908,0x000000008fe80000)
 Metaspace       used 76003K, committed 77632K, reserved 1179648K
  class space    used 7690K, committed 8448K, reserved 1048576K
}
Event: 84.335 GC heap after
{Heap after GC invocations=1163 (full 6):
 PSYoungGen      total 2560K, used 212K [0x00000000d5580000, 0x00000000d5a00000, 0x0000000100000000)
  eden space 2048K, 0% used [0x00000000d5580000,0x00000000d5580000,0x00000000d5780000)
  from space 512K, 41% used [0x00000000d5900000,0x00000000d5935200,0x00000000d5980000)
  to   space 512K, 0% used [0x00000000d5980000,0x00000000d5980000,0x00000000d5a00000)
 ParOldGen       total 260608K, used 260302K [0x0000000080000000, 0x000000008fe80000, 0x00000000d5580000)
  object space 260608K, 99% used [0x0000000080000000,0x000000008fe33908,0x000000008fe80000)
 Metaspace       used 76003K, committed 77632K, reserved 1179648K
  class space    used 7690K, committed 8448K, reserved 1048576K
}
Event: 84.350 GC heap before
{Heap before GC invocations=1164 (full 6):
 PSYoungGen      total 2560K, used 2252K [0x00000000d5580000, 0x00000000d5a00000, 0x0000000100000000)
  eden space 2048K, 99% used [0x00000000d5580000,0x00000000d577df98,0x00000000d5780000)
  from space 512K, 41% used [0x00000000d5900000,0x00000000d5935200,0x00000000d5980000)
  to   space 512K, 0% used [0x00000000d5980000,0x00000000d5980000,0x00000000d5a00000)
 ParOldGen       total 260608K, used 260302K [0x0000000080000000, 0x000000008fe80000, 0x00000000d5580000)
  object space 260608K, 99% used [0x0000000080000000,0x000000008fe33908,0x000000008fe80000)
 Metaspace       used 76004K, committed 77632K, reserved 1179648K
  class space    used 7690K, committed 8448K, reserved 1048576K
}
Event: 84.351 GC heap after
{Heap after GC invocations=1164 (full 6):
 PSYoungGen      total 2560K, used 499K [0x00000000d5580000, 0x00000000d5a80000, 0x0000000100000000)
  eden space 2048K, 0% used [0x00000000d5580000,0x00000000d5580000,0x00000000d5780000)
  from space 512K, 97% used [0x00000000d5980000,0x00000000d59fcd08,0x00000000d5a00000)
  to   space 1536K, 0% used [0x00000000d5780000,0x00000000d5780000,0x00000000d5900000)
 ParOldGen       total 261120K, used 260979K [0x0000000080000000, 0x000000008ff00000, 0x00000000d5580000)
  object space 261120K, 99% used [0x0000000080000000,0x000000008fedcc90,0x000000008ff00000)
 Metaspace       used 76004K, committed 77632K, reserved 1179648K
  class space    used 7690K, committed 8448K, reserved 1048576K
}
Event: 84.364 GC heap before
{Heap before GC invocations=1165 (full 6):
 PSYoungGen      total 2560K, used 2547K [0x00000000d5580000, 0x00000000d5a80000, 0x0000000100000000)
  eden space 2048K, 100% used [0x00000000d5580000,0x00000000d5780000,0x00000000d5780000)
  from space 512K, 97% used [0x00000000d5980000,0x00000000d59fcd08,0x00000000d5a00000)
  to   space 1536K, 0% used [0x00000000d5780000,0x00000000d5780000,0x00000000d5900000)
 ParOldGen       total 261120K, used 260979K [0x0000000080000000, 0x000000008ff00000, 0x00000000d5580000)
  object space 261120K, 99% used [0x0000000080000000,0x000000008fedcc90,0x000000008ff00000)
 Metaspace       used 76004K, committed 77632K, reserved 1179648K
  class space    used 7690K, committed 8448K, reserved 1048576K
}
Event: 84.365 GC heap after
{Heap after GC invocations=1165 (full 6):
 PSYoungGen      total 3584K, used 1527K [0x00000000d5580000, 0x00000000d5c80000, 0x0000000100000000)
  eden space 2048K, 0% used [0x00000000d5580000,0x00000000d5580000,0x00000000d5780000)
  from space 1536K, 99% used [0x00000000d5780000,0x00000000d58fdf20,0x00000000d5900000)
  to   space 2560K, 0% used [0x00000000d5a00000,0x00000000d5a00000,0x00000000d5c80000)
 ParOldGen       total 262144K, used 261676K [0x0000000080000000, 0x0000000090000000, 0x00000000d5580000)
  object space 262144K, 99% used [0x0000000080000000,0x000000008ff8b148,0x0000000090000000)
 Metaspace       used 76004K, committed 77632K, reserved 1179648K
  class space    used 7690K, committed 8448K, reserved 1048576K
}
Event: 84.377 GC heap before
{Heap before GC invocations=1166 (full 6):
 PSYoungGen      total 3584K, used 2999K [0x00000000d5580000, 0x00000000d5c80000, 0x0000000100000000)
  eden space 2048K, 71% used [0x00000000d5580000,0x00000000d56efe38,0x00000000d5780000)
  from space 1536K, 99% used [0x00000000d5780000,0x00000000d58fdf20,0x00000000d5900000)
  to   space 2560K, 0% used [0x00000000d5a00000,0x00000000d5a00000,0x00000000d5c80000)
 ParOldGen       total 262144K, used 261676K [0x0000000080000000, 0x0000000090000000, 0x00000000d5580000)
  object space 262144K, 99% used [0x0000000080000000,0x000000008ff8b148,0x0000000090000000)
 Metaspace       used 76004K, committed 77632K, reserved 1179648K
  class space    used 7690K, committed 8448K, reserved 1048576K
}
Event: 84.379 GC heap after
{Heap after GC invocations=1166 (full 6):
 PSYoungGen      total 3584K, used 1216K [0x00000000d5580000, 0x00000000d5b80000, 0x0000000100000000)
  eden space 2048K, 0% used [0x00000000d5580000,0x00000000d5580000,0x00000000d5780000)
  from space 1536K, 79% used [0x00000000d5a00000,0x00000000d5b30140,0x00000000d5b80000)
  to   space 2048K, 0% used [0x00000000d5780000,0x00000000d5780000,0x00000000d5980000)
 ParOldGen       total 263680K, used 263214K [0x0000000080000000, 0x0000000090180000, 0x00000000d5580000)
  object space 263680K, 99% used [0x0000000080000000,0x000000009010b968,0x0000000090180000)
 Metaspace       used 76004K, committed 77632K, reserved 1179648K
  class space    used 7690K, committed 8448K, reserved 1048576K
}
Event: 84.385 GC heap before
{Heap before GC invocations=1167 (full 6):
 PSYoungGen      total 3584K, used 3168K [0x00000000d5580000, 0x00000000d5b80000, 0x0000000100000000)
  eden space 2048K, 95% used [0x00000000d5580000,0x00000000d5768268,0x00000000d5780000)
  from space 1536K, 79% used [0x00000000d5a00000,0x00000000d5b30140,0x00000000d5b80000)
  to   space 2048K, 0% used [0x00000000d5780000,0x00000000d5780000,0x00000000d5980000)
 ParOldGen       total 263680K, used 263214K [0x0000000080000000, 0x0000000090180000, 0x00000000d5580000)
  object space 263680K, 99% used [0x0000000080000000,0x000000009010b968,0x0000000090180000)
 Metaspace       used 76004K, committed 77632K, reserved 1179648K
  class space    used 7690K, committed 8448K, reserved 1048576K
}
Event: 84.386 GC heap after
{Heap after GC invocations=1167 (full 6):
 PSYoungGen      total 4096K, used 1672K [0x00000000d5580000, 0x00000000d5b80000, 0x0000000100000000)
  eden space 2048K, 0% used [0x00000000d5580000,0x00000000d5580000,0x00000000d5780000)
  from space 2048K, 81% used [0x00000000d5780000,0x00000000d59221d8,0x00000000d5980000)
  to   space 2048K, 0% used [0x00000000d5980000,0x00000000d5980000,0x00000000d5b80000)
 ParOldGen       total 264704K, used 264371K [0x0000000080000000, 0x0000000090280000, 0x00000000d5580000)
  object space 264704K, 99% used [0x0000000080000000,0x000000009022cd40,0x0000000090280000)
 Metaspace       used 76004K, committed 77632K, reserved 1179648K
  class space    used 7690K, committed 8448K, reserved 1048576K
}
Event: 84.398 GC heap before
{Heap before GC invocations=1168 (full 6):
 PSYoungGen      total 4096K, used 3720K [0x00000000d5580000, 0x00000000d5b80000, 0x0000000100000000)
  eden space 2048K, 100% used [0x00000000d5580000,0x00000000d5780000,0x00000000d5780000)
  from space 2048K, 81% used [0x00000000d5780000,0x00000000d59221d8,0x00000000d5980000)
  to   space 2048K, 0% used [0x00000000d5980000,0x00000000d5980000,0x00000000d5b80000)
 ParOldGen       total 264704K, used 264371K [0x0000000080000000, 0x0000000090280000, 0x00000000d5580000)
  object space 264704K, 99% used [0x0000000080000000,0x000000009022cd40,0x0000000090280000)
 Metaspace       used 76004K, committed 77632K, reserved 1179648K
  class space    used 7690K, committed 8448K, reserved 1048576K
}
Event: 84.401 GC heap after
{Heap after GC invocations=1168 (full 6):
 PSYoungGen      total 3584K, used 1209K [0x00000000d5580000, 0x00000000d5b00000, 0x0000000100000000)
  eden space 2048K, 0% used [0x00000000d5580000,0x00000000d5580000,0x00000000d5780000)
  from space 1536K, 78% used [0x00000000d5980000,0x00000000d5aae738,0x00000000d5b00000)
  to   space 1536K, 0% used [0x00000000d5800000,0x00000000d5800000,0x00000000d5980000)
 ParOldGen       total 266240K, used 265980K [0x0000000080000000, 0x0000000090400000, 0x00000000d5580000)
  object space 266240K, 99% used [0x0000000080000000,0x00000000903bf260,0x0000000090400000)
 Metaspace       used 76004K, committed 77632K, reserved 1179648K
  class space    used 7690K, committed 8448K, reserved 1048576K
}
Event: 275.096 GC heap before
{Heap before GC invocations=1169 (full 6):
 PSYoungGen      total 3584K, used 3257K [0x00000000d5580000, 0x00000000d5b00000, 0x0000000100000000)
  eden space 2048K, 100% used [0x00000000d5580000,0x00000000d5780000,0x00000000d5780000)
  from space 1536K, 78% used [0x00000000d5980000,0x00000000d5aae738,0x00000000d5b00000)
  to   space 1536K, 0% used [0x00000000d5800000,0x00000000d5800000,0x00000000d5980000)
 ParOldGen       total 266240K, used 265980K [0x0000000080000000, 0x0000000090400000, 0x00000000d5580000)
  object space 266240K, 99% used [0x0000000080000000,0x00000000903bf260,0x0000000090400000)
 Metaspace       used 76064K, committed 77760K, reserved 1179648K
  class space    used 7693K, committed 8448K, reserved 1048576K
}
Event: 275.098 GC heap after
{Heap after GC invocations=1169 (full 6):
 PSYoungGen      total 2560K, used 282K [0x00000000d5580000, 0x00000000d5a00000, 0x0000000100000000)
  eden space 2048K, 0% used [0x00000000d5580000,0x00000000d5580000,0x00000000d5780000)
  from space 512K, 55% used [0x00000000d5800000,0x00000000d5846900,0x00000000d5880000)
  to   space 1024K, 0% used [0x00000000d5900000,0x00000000d5900000,0x00000000d5a00000)
 ParOldGen       total 266752K, used 266724K [0x0000000080000000, 0x0000000090480000, 0x00000000d5580000)
  object space 266752K, 99% used [0x0000000080000000,0x0000000090479260,0x0000000090480000)
 Metaspace       used 76064K, committed 77760K, reserved 1179648K
  class space    used 7693K, committed 8448K, reserved 1048576K
}

